<?xml version="1.0" encoding="UTF-8"?>
<coverage generated="1713867575892" clover="3.2.0">
  <project timestamp="1713867575892" name="All files">
    <metrics statements="4" coveredstatements="4" conditionals="2" coveredconditionals="0" methods="1" coveredmethods="1" elements="7" coveredelements="5" complexity="0" loc="4" ncloc="4" packages="1" files="1" classes="1"/>
    <file name="number.ts" path="/Users/nelisoftwares/Documents/Ducky/ducky-backend/src/utils/number.ts">
      <metrics statements="4" coveredstatements="4" conditionals="2" coveredconditionals="0" methods="1" coveredmethods="1"/>
      <line num="1" count="1" type="stmt"/>
      <line num="2" count="1" type="cond" truecount="0" falsecount="1"/>
      <line num="3" count="1" type="cond" truecount="0" falsecount="1"/>
      <line num="4" count="1" type="stmt"/>
    </file>
  </project>
</coverage>
