{"/Users/nelisoftwares/Documents/Ducky/ducky-backend/src/utils/number.ts": {"path":"/Users/nelisoftwares/Documents/Ducky/ducky-backend/src/utils/number.ts","statementMap":{"0":{"start":{"line":2,"column":2},"end":{"line":2,"column":61}},"1":{"start":{"line":2,"column":18},"end":{"line":2,"column":61}},"2":{"start":{"line":3,"column":2},"end":{"line":3,"column":77}},"3":{"start":{"line":3,"column":34},"end":{"line":3,"column":77}},"4":{"start":{"line":4,"column":2},"end":{"line":4,"column":26}},"5":{"start":{"line":1,"column":0},"end":{"line":1,"column":16}}},"fnMap":{"0":{"name":"isEven","decl":{"start":{"line":1,"column":16},"end":{"line":1,"column":22}},"loc":{"start":{"line":1,"column":29},"end":{"line":5,"column":1}}}},"branchMap":{"0":{"loc":{"start":{"line":2,"column":2},"end":{"line":2,"column":61}},"type":"if","locations":[{"start":{"line":2,"column":2},"end":{"line":2,"column":61}}]},"1":{"loc":{"start":{"line":3,"column":2},"end":{"line":3,"column":77}},"type":"if","locations":[{"start":{"line":3,"column":2},"end":{"line":3,"column":77}}]}},"s":{"0":1,"1":0,"2":1,"3":0,"4":1,"5":1},"f":{"0":1},"b":{"0":[0],"1":[0]}}
}
